The system is: Windows - 10.0.19045 - AMD64
Compiling the C compiler identification source file "CMakeCCompilerId.c" succeeded.
Compiler: C:/msys64/mingw64/bin/gcc.exe 
Build flags: 
Id flags:  

The output was:
0


Compilation of the C compiler identification source "CMakeCCompilerId.c" produced "a.exe"

The C compiler identification is GNU, found in "c:/Users/nanwe/Desktop/nan_baidu_maincontrol+_240604_zhaijiao_camera_ipm/build/CMakeFiles/3.8.2/CompilerIdC/a.exe"

Compiling the CXX compiler identification source file "CMakeCXXCompilerId.cpp" succeeded.
Compiler: C:/msys64/mingw64/bin/g++.exe 
Build flags: 
Id flags:  

The output was:
0


Compilation of the CXX compiler identification source "CMakeCXXCompilerId.cpp" produced "a.exe"

The CXX compiler identification is GNU, found in "c:/Users/nanwe/Desktop/nan_baidu_maincontrol+_240604_zhaijiao_camera_ipm/build/CMakeFiles/3.8.2/CompilerIdCXX/a.exe"

Determining if the C compiler works passed with the following output:
Change Dir: c:/Users/nanwe/Desktop/nan_baidu_maincontrol+_240604_zhaijiao_camera_ipm/build/CMakeFiles/CMakeTmp

Run Build Command:"C:/msys64/mingw64/bin/mingw32-make.exe" "cmTC_d9473/fast"
C:/msys64/mingw64/bin/mingw32-make.exe -f CMakeFiles\cmTC_d9473.dir\build.make CMakeFiles/cmTC_d9473.dir/build
mingw32-make[1]: Entering directory 'c:/Users/nanwe/Desktop/nan_baidu_maincontrol+_240604_zhaijiao_camera_ipm/build/CMakeFiles/CMakeTmp'
Building C object CMakeFiles/cmTC_d9473.dir/testCCompiler.c.obj
cd /d C:\Users\nanwe\Desktop\nan_baidu_maincontrol+_240604_zhaijiao_camera_ipm\build\CMakeFiles\CMakeTmp && C:\msys64\mingw64\bin\gcc.exe    -o CMakeFiles\cmTC_d9473.dir\testCCompiler.c.obj   -c C:\Users\nanwe\Desktop\nan_baidu_maincontrol+_240604_zhaijiao_camera_ipm\build\CMakeFiles\CMakeTmp\testCCompiler.c
Linking C executable cmTC_d9473.exe
cd /d C:\Users\nanwe\Desktop\nan_baidu_maincontrol+_240604_zhaijiao_camera_ipm\build\CMakeFiles\CMakeTmp && D:\cmake\bin\cmake.exe -E cmake_link_script CMakeFiles\cmTC_d9473.dir\link.txt --verbose=1
D:\cmake\bin\cmake.exe -E remove -f CMakeFiles\cmTC_d9473.dir/objects.a
C:\msys64\mingw64\bin\ar.exe cr CMakeFiles\cmTC_d9473.dir/objects.a @CMakeFiles\cmTC_d9473.dir\objects1.rsp
C:\msys64\mingw64\bin\gcc.exe      -Wl,--whole-archive CMakeFiles\cmTC_d9473.dir/objects.a -Wl,--no-whole-archive  -o cmTC_d9473.exe -Wl,--out-implib,libcmTC_d9473.dll.a -Wl,--major-image-version,0,--minor-image-version,0 @CMakeFiles\cmTC_d9473.dir\linklibs.rsp
mingw32-make[1]: Leaving directory 'c:/Users/nanwe/Desktop/nan_baidu_maincontrol+_240604_zhaijiao_camera_ipm/build/CMakeFiles/CMakeTmp'


Detecting C compiler ABI info compiled with the following output:
Change Dir: c:/Users/nanwe/Desktop/nan_baidu_maincontrol+_240604_zhaijiao_camera_ipm/build/CMakeFiles/CMakeTmp

Run Build Command:"C:/msys64/mingw64/bin/mingw32-make.exe" "cmTC_517bf/fast"
C:/msys64/mingw64/bin/mingw32-make.exe -f CMakeFiles\cmTC_517bf.dir\build.make CMakeFiles/cmTC_517bf.dir/build
mingw32-make[1]: Entering directory 'c:/Users/nanwe/Desktop/nan_baidu_maincontrol+_240604_zhaijiao_camera_ipm/build/CMakeFiles/CMakeTmp'
Building C object CMakeFiles/cmTC_517bf.dir/CMakeCCompilerABI.c.obj
cd /d C:\Users\nanwe\Desktop\nan_baidu_maincontrol+_240604_zhaijiao_camera_ipm\build\CMakeFiles\CMakeTmp && C:\msys64\mingw64\bin\gcc.exe    -o CMakeFiles\cmTC_517bf.dir\CMakeCCompilerABI.c.obj   -c D:\cmake\share\cmake-3.8\Modules\CMakeCCompilerABI.c
Linking C executable cmTC_517bf.exe
cd /d C:\Users\nanwe\Desktop\nan_baidu_maincontrol+_240604_zhaijiao_camera_ipm\build\CMakeFiles\CMakeTmp && D:\cmake\bin\cmake.exe -E cmake_link_script CMakeFiles\cmTC_517bf.dir\link.txt --verbose=1
D:\cmake\bin\cmake.exe -E remove -f CMakeFiles\cmTC_517bf.dir/objects.a
C:\msys64\mingw64\bin\ar.exe cr CMakeFiles\cmTC_517bf.dir/objects.a @CMakeFiles\cmTC_517bf.dir\objects1.rsp
C:\msys64\mingw64\bin\gcc.exe     -v -Wl,--whole-archive CMakeFiles\cmTC_517bf.dir/objects.a -Wl,--no-whole-archive  -o cmTC_517bf.exe -Wl,--out-implib,libcmTC_517bf.dll.a -Wl,--major-image-version,0,--minor-image-version,0 
Using built-in specs.
COLLECT_GCC=C:\msys64\mingw64\bin\gcc.exe
COLLECT_LTO_WRAPPER=C:/msys64/mingw64/bin/../lib/gcc/x86_64-w64-mingw32/12.2.0/lto-wrapper.exe
Target: x86_64-w64-mingw32
Configured with: ../gcc-12.2.0/configure --prefix=/mingw64 --with-local-prefix=/mingw64/local --build=x86_64-w64-mingw32 --host=x86_64-w64-mingw32 --target=x86_64-w64-mingw32 --with-native-system-header-dir=/mingw64/include --libexecdir=/mingw64/lib --enable-bootstrap --enable-checking=release --with-arch=nocona --with-tune=generic --enable-languages=c,lto,c++,fortran,ada,objc,obj-c++,jit --enable-shared --enable-static --enable-libatomic --enable-threads=posix --enable-graphite --enable-fully-dynamic-string --enable-libstdcxx-filesystem-ts --enable-libstdcxx-time --disable-libstdcxx-pch --enable-lto --enable-libgomp --disable-multilib --disable-rpath --disable-win32-registry --disable-nls --disable-werror --disable-symvers --with-libiconv --with-system-zlib --with-gmp=/mingw64 --with-mpfr=/mingw64 --with-mpc=/mingw64 --with-isl=/mingw64 --with-pkgversion='Rev10, Built by MSYS2 project' --with-bugurl=https://github.com/msys2/MINGW-packages/issues --with-gnu-as --with-gnu-ld --disable-libstdcxx-debug --with-boot-ldflags=-static-libstdc++ --with-stage1-ldflags=-static-libstdc++
Thread model: posix
Supported LTO compression algorithms: zlib zstd
gcc version 12.2.0 (Rev10, Built by MSYS2 project) 
COMPILER_PATH=C:/msys64/mingw64/bin/../lib/gcc/x86_64-w64-mingw32/12.2.0/;C:/msys64/mingw64/bin/../lib/gcc/;C:/msys64/mingw64/bin/../lib/gcc/x86_64-w64-mingw32/12.2.0/../../../../x86_64-w64-mingw32/bin/
LIBRARY_PATH=C:/msys64/mingw64/bin/../lib/gcc/x86_64-w64-mingw32/12.2.0/;C:/msys64/mingw64/bin/../lib/gcc/;C:/msys64/mingw64/bin/../lib/gcc/x86_64-w64-mingw32/12.2.0/../../../../x86_64-w64-mingw32/lib/../lib/;C:/msys64/mingw64/bin/../lib/gcc/x86_64-w64-mingw32/12.2.0/../../../../lib/;C:/msys64/mingw64/bin/../lib/gcc/x86_64-w64-mingw32/12.2.0/../../../../x86_64-w64-mingw32/lib/;C:/msys64/mingw64/bin/../lib/gcc/x86_64-w64-mingw32/12.2.0/../../../
COLLECT_GCC_OPTIONS='-v' '-o' 'cmTC_517bf.exe' '-mtune=generic' '-march=nocona' '-dumpdir' 'cmTC_517bf.'
 C:/msys64/mingw64/bin/../lib/gcc/x86_64-w64-mingw32/12.2.0/collect2.exe -plugin C:/msys64/mingw64/bin/../lib/gcc/x86_64-w64-mingw32/12.2.0/liblto_plugin.dll -plugin-opt=C:/msys64/mingw64/bin/../lib/gcc/x86_64-w64-mingw32/12.2.0/lto-wrapper.exe -plugin-opt=-fresolution=C:\Users\nanwe\AppData\Local\Temp\cc3dRoUg.res -plugin-opt=-pass-through=-lmingw32 -plugin-opt=-pass-through=-lgcc -plugin-opt=-pass-through=-lgcc_eh -plugin-opt=-pass-through=-lmoldname -plugin-opt=-pass-through=-lmingwex -plugin-opt=-pass-through=-lmsvcrt -plugin-opt=-pass-through=-lkernel32 -plugin-opt=-pass-through=-lpthread -plugin-opt=-pass-through=-ladvapi32 -plugin-opt=-pass-through=-lshell32 -plugin-opt=-pass-through=-luser32 -plugin-opt=-pass-through=-lkernel32 -plugin-opt=-pass-through=-lmingw32 -plugin-opt=-pass-through=-lgcc -plugin-opt=-pass-through=-lgcc_eh -plugin-opt=-pass-through=-lmoldname -plugin-opt=-pass-through=-lmingwex -plugin-opt=-pass-through=-lmsvcrt -plugin-opt=-pass-through=-lkernel32 -m i386pep -Bdynamic -o cmTC_517bf.exe C:/msys64/mingw64/bin/../lib/gcc/x86_64-w64-mingw32/12.2.0/../../../../lib/crt2.o C:/msys64/mingw64/bin/../lib/gcc/x86_64-w64-mingw32/12.2.0/crtbegin.o -LC:/msys64/mingw64/bin/../lib/gcc/x86_64-w64-mingw32/12.2.0 -LC:/msys64/mingw64/bin/../lib/gcc -LC:/msys64/mingw64/bin/../lib/gcc/x86_64-w64-mingw32/12.2.0/../../../../x86_64-w64-mingw32/lib/../lib -LC:/msys64/mingw64/bin/../lib/gcc/x86_64-w64-mingw32/12.2.0/../../../../lib -LC:/msys64/mingw64/bin/../lib/gcc/x86_64-w64-mingw32/12.2.0/../../../../x86_64-w64-mingw32/lib -LC:/msys64/mingw64/bin/../lib/gcc/x86_64-w64-mingw32/12.2.0/../../.. --whole-archive CMakeFiles\cmTC_517bf.dir/objects.a --no-whole-archive --out-implib libcmTC_517bf.dll.a --major-image-version 0 --minor-image-version 0 -lmingw32 -lgcc -lgcc_eh -lmoldname -lmingwex -lmsvcrt -lkernel32 -lpthread -ladvapi32 -lshell32 -luser32 -lkernel32 -lmingw32 -lgcc -lgcc_eh -lmoldname -lmingwex -lmsvcrt -lkernel32 C:/msys64/mingw64/bin/../lib/gcc/x86_64-w64-mingw32/12.2.0/../../../../lib/default-manifest.o C:/msys64/mingw64/bin/../lib/gcc/x86_64-w64-mingw32/12.2.0/crtend.o
COLLECT_GCC_OPTIONS='-v' '-o' 'cmTC_517bf.exe' '-mtune=generic' '-march=nocona' '-dumpdir' 'cmTC_517bf.'
mingw32-make[1]: Leaving directory 'c:/Users/nanwe/Desktop/nan_baidu_maincontrol+_240604_zhaijiao_camera_ipm/build/CMakeFiles/CMakeTmp'


Parsed C implicit link information from above output:
  link line regex: [^( *|.*[/\])(ld\.exe|([^/\]+-)?ld|collect2)[^/\]*( |$)]
  ignore line: [Change Dir: c:/Users/nanwe/Desktop/nan_baidu_maincontrol+_240604_zhaijiao_camera_ipm/build/CMakeFiles/CMakeTmp]
  ignore line: []
  ignore line: [Run Build Command:"C:/msys64/mingw64/bin/mingw32-make.exe" "cmTC_517bf/fast"]
  ignore line: [C:/msys64/mingw64/bin/mingw32-make.exe -f CMakeFiles\cmTC_517bf.dir\build.make CMakeFiles/cmTC_517bf.dir/build]
  ignore line: [mingw32-make[1]: Entering directory 'c:/Users/nanwe/Desktop/nan_baidu_maincontrol+_240604_zhaijiao_camera_ipm/build/CMakeFiles/CMakeTmp']
  ignore line: [Building C object CMakeFiles/cmTC_517bf.dir/CMakeCCompilerABI.c.obj]
  ignore line: [cd /d C:\Users\nanwe\Desktop\nan_baidu_maincontrol+_240604_zhaijiao_camera_ipm\build\CMakeFiles\CMakeTmp && C:\msys64\mingw64\bin\gcc.exe    -o CMakeFiles\cmTC_517bf.dir\CMakeCCompilerABI.c.obj   -c D:\cmake\share\cmake-3.8\Modules\CMakeCCompilerABI.c]
  ignore line: [Linking C executable cmTC_517bf.exe]
  ignore line: [cd /d C:\Users\nanwe\Desktop\nan_baidu_maincontrol+_240604_zhaijiao_camera_ipm\build\CMakeFiles\CMakeTmp && D:\cmake\bin\cmake.exe -E cmake_link_script CMakeFiles\cmTC_517bf.dir\link.txt --verbose=1]
  ignore line: [D:\cmake\bin\cmake.exe -E remove -f CMakeFiles\cmTC_517bf.dir/objects.a]
  ignore line: [C:\msys64\mingw64\bin\ar.exe cr CMakeFiles\cmTC_517bf.dir/objects.a @CMakeFiles\cmTC_517bf.dir\objects1.rsp]
  ignore line: [C:\msys64\mingw64\bin\gcc.exe     -v -Wl,--whole-archive CMakeFiles\cmTC_517bf.dir/objects.a -Wl,--no-whole-archive  -o cmTC_517bf.exe -Wl,--out-implib,libcmTC_517bf.dll.a -Wl,--major-image-version,0,--minor-image-version,0 ]
  ignore line: [Using built-in specs.]
  ignore line: [COLLECT_GCC=C:\msys64\mingw64\bin\gcc.exe]
  ignore line: [COLLECT_LTO_WRAPPER=C:/msys64/mingw64/bin/../lib/gcc/x86_64-w64-mingw32/12.2.0/lto-wrapper.exe]
  ignore line: [Target: x86_64-w64-mingw32]
  ignore line: [Configured with: ../gcc-12.2.0/configure --prefix=/mingw64 --with-local-prefix=/mingw64/local --build=x86_64-w64-mingw32 --host=x86_64-w64-mingw32 --target=x86_64-w64-mingw32 --with-native-system-header-dir=/mingw64/include --libexecdir=/mingw64/lib --enable-bootstrap --enable-checking=release --with-arch=nocona --with-tune=generic --enable-languages=c,lto,c++,fortran,ada,objc,obj-c++,jit --enable-shared --enable-static --enable-libatomic --enable-threads=posix --enable-graphite --enable-fully-dynamic-string --enable-libstdcxx-filesystem-ts --enable-libstdcxx-time --disable-libstdcxx-pch --enable-lto --enable-libgomp --disable-multilib --disable-rpath --disable-win32-registry --disable-nls --disable-werror --disable-symvers --with-libiconv --with-system-zlib --with-gmp=/mingw64 --with-mpfr=/mingw64 --with-mpc=/mingw64 --with-isl=/mingw64 --with-pkgversion='Rev10, Built by MSYS2 project' --with-bugurl=https://github.com/msys2/MINGW-packages/issues --with-gnu-as --with-gnu-ld --disable-libstdcxx-debug --with-boot-ldflags=-static-libstdc++ --with-stage1-ldflags=-static-libstdc++]
  ignore line: [Thread model: posix]
  ignore line: [Supported LTO compression algorithms: zlib zstd]
  ignore line: [gcc version 12.2.0 (Rev10, Built by MSYS2 project) ]
  ignore line: [COMPILER_PATH=C:/msys64/mingw64/bin/../lib/gcc/x86_64-w64-mingw32/12.2.0/]
  ignore line: [C:/msys64/mingw64/bin/../lib/gcc/]
  ignore line: [C:/msys64/mingw64/bin/../lib/gcc/x86_64-w64-mingw32/12.2.0/../../../../x86_64-w64-mingw32/bin/]
  ignore line: [LIBRARY_PATH=C:/msys64/mingw64/bin/../lib/gcc/x86_64-w64-mingw32/12.2.0/]
  ignore line: [C:/msys64/mingw64/bin/../lib/gcc/]
  ignore line: [C:/msys64/mingw64/bin/../lib/gcc/x86_64-w64-mingw32/12.2.0/../../../../x86_64-w64-mingw32/lib/../lib/]
  ignore line: [C:/msys64/mingw64/bin/../lib/gcc/x86_64-w64-mingw32/12.2.0/../../../../lib/]
  ignore line: [C:/msys64/mingw64/bin/../lib/gcc/x86_64-w64-mingw32/12.2.0/../../../../x86_64-w64-mingw32/lib/]
  ignore line: [C:/msys64/mingw64/bin/../lib/gcc/x86_64-w64-mingw32/12.2.0/../../../]
  ignore line: [COLLECT_GCC_OPTIONS='-v' '-o' 'cmTC_517bf.exe' '-mtune=generic' '-march=nocona' '-dumpdir' 'cmTC_517bf.']
  link line: [ C:/msys64/mingw64/bin/../lib/gcc/x86_64-w64-mingw32/12.2.0/collect2.exe -plugin C:/msys64/mingw64/bin/../lib/gcc/x86_64-w64-mingw32/12.2.0/liblto_plugin.dll -plugin-opt=C:/msys64/mingw64/bin/../lib/gcc/x86_64-w64-mingw32/12.2.0/lto-wrapper.exe -plugin-opt=-fresolution=C:\Users\nanwe\AppData\Local\Temp\cc3dRoUg.res -plugin-opt=-pass-through=-lmingw32 -plugin-opt=-pass-through=-lgcc -plugin-opt=-pass-through=-lgcc_eh -plugin-opt=-pass-through=-lmoldname -plugin-opt=-pass-through=-lmingwex -plugin-opt=-pass-through=-lmsvcrt -plugin-opt=-pass-through=-lkernel32 -plugin-opt=-pass-through=-lpthread -plugin-opt=-pass-through=-ladvapi32 -plugin-opt=-pass-through=-lshell32 -plugin-opt=-pass-through=-luser32 -plugin-opt=-pass-through=-lkernel32 -plugin-opt=-pass-through=-lmingw32 -plugin-opt=-pass-through=-lgcc -plugin-opt=-pass-through=-lgcc_eh -plugin-opt=-pass-through=-lmoldname -plugin-opt=-pass-through=-lmingwex -plugin-opt=-pass-through=-lmsvcrt -plugin-opt=-pass-through=-lkernel32 -m i386pep -Bdynamic -o cmTC_517bf.exe C:/msys64/mingw64/bin/../lib/gcc/x86_64-w64-mingw32/12.2.0/../../../../lib/crt2.o C:/msys64/mingw64/bin/../lib/gcc/x86_64-w64-mingw32/12.2.0/crtbegin.o -LC:/msys64/mingw64/bin/../lib/gcc/x86_64-w64-mingw32/12.2.0 -LC:/msys64/mingw64/bin/../lib/gcc -LC:/msys64/mingw64/bin/../lib/gcc/x86_64-w64-mingw32/12.2.0/../../../../x86_64-w64-mingw32/lib/../lib -LC:/msys64/mingw64/bin/../lib/gcc/x86_64-w64-mingw32/12.2.0/../../../../lib -LC:/msys64/mingw64/bin/../lib/gcc/x86_64-w64-mingw32/12.2.0/../../../../x86_64-w64-mingw32/lib -LC:/msys64/mingw64/bin/../lib/gcc/x86_64-w64-mingw32/12.2.0/../../.. --whole-archive CMakeFiles\cmTC_517bf.dir/objects.a --no-whole-archive --out-implib libcmTC_517bf.dll.a --major-image-version 0 --minor-image-version 0 -lmingw32 -lgcc -lgcc_eh -lmoldname -lmingwex -lmsvcrt -lkernel32 -lpthread -ladvapi32 -lshell32 -luser32 -lkernel32 -lmingw32 -lgcc -lgcc_eh -lmoldname -lmingwex -lmsvcrt -lkernel32 C:/msys64/mingw64/bin/../lib/gcc/x86_64-w64-mingw32/12.2.0/../../../../lib/default-manifest.o C:/msys64/mingw64/bin/../lib/gcc/x86_64-w64-mingw32/12.2.0/crtend.o]
    arg [C:/msys64/mingw64/bin/../lib/gcc/x86_64-w64-mingw32/12.2.0/collect2.exe] ==> ignore
    arg [-plugin] ==> ignore
    arg [C:/msys64/mingw64/bin/../lib/gcc/x86_64-w64-mingw32/12.2.0/liblto_plugin.dll] ==> ignore
    arg [-plugin-opt=C:/msys64/mingw64/bin/../lib/gcc/x86_64-w64-mingw32/12.2.0/lto-wrapper.exe] ==> ignore
    arg [-plugin-opt=-fresolution=C:\Users\nanwe\AppData\Local\Temp\cc3dRoUg.res] ==> ignore
    arg [-plugin-opt=-pass-through=-lmingw32] ==> ignore
    arg [-plugin-opt=-pass-through=-lgcc] ==> ignore
    arg [-plugin-opt=-pass-through=-lgcc_eh] ==> ignore
    arg [-plugin-opt=-pass-through=-lmoldname] ==> ignore
    arg [-plugin-opt=-pass-through=-lmingwex] ==> ignore
    arg [-plugin-opt=-pass-through=-lmsvcrt] ==> ignore
    arg [-plugin-opt=-pass-through=-lkernel32] ==> ignore
    arg [-plugin-opt=-pass-through=-lpthread] ==> ignore
    arg [-plugin-opt=-pass-through=-ladvapi32] ==> ignore
    arg [-plugin-opt=-pass-through=-lshell32] ==> ignore
    arg [-plugin-opt=-pass-through=-luser32] ==> ignore
    arg [-plugin-opt=-pass-through=-lkernel32] ==> ignore
    arg [-plugin-opt=-pass-through=-lmingw32] ==> ignore
    arg [-plugin-opt=-pass-through=-lgcc] ==> ignore
    arg [-plugin-opt=-pass-through=-lgcc_eh] ==> ignore
    arg [-plugin-opt=-pass-through=-lmoldname] ==> ignore
    arg [-plugin-opt=-pass-through=-lmingwex] ==> ignore
    arg [-plugin-opt=-pass-through=-lmsvcrt] ==> ignore
    arg [-plugin-opt=-pass-through=-lkernel32] ==> ignore
    arg [-m] ==> ignore
    arg [i386pep] ==> ignore
    arg [-Bdynamic] ==> ignore
    arg [-o] ==> ignore
    arg [cmTC_517bf.exe] ==> ignore
    arg [C:/msys64/mingw64/bin/../lib/gcc/x86_64-w64-mingw32/12.2.0/../../../../lib/crt2.o] ==> ignore
    arg [C:/msys64/mingw64/bin/../lib/gcc/x86_64-w64-mingw32/12.2.0/crtbegin.o] ==> ignore
    arg [-LC:/msys64/mingw64/bin/../lib/gcc/x86_64-w64-mingw32/12.2.0] ==> dir [C:/msys64/mingw64/bin/../lib/gcc/x86_64-w64-mingw32/12.2.0]
    arg [-LC:/msys64/mingw64/bin/../lib/gcc] ==> dir [C:/msys64/mingw64/bin/../lib/gcc]
    arg [-LC:/msys64/mingw64/bin/../lib/gcc/x86_64-w64-mingw32/12.2.0/../../../../x86_64-w64-mingw32/lib/../lib] ==> dir [C:/msys64/mingw64/bin/../lib/gcc/x86_64-w64-mingw32/12.2.0/../../../../x86_64-w64-mingw32/lib/../lib]
    arg [-LC:/msys64/mingw64/bin/../lib/gcc/x86_64-w64-mingw32/12.2.0/../../../../lib] ==> dir [C:/msys64/mingw64/bin/../lib/gcc/x86_64-w64-mingw32/12.2.0/../../../../lib]
    arg [-LC:/msys64/mingw64/bin/../lib/gcc/x86_64-w64-mingw32/12.2.0/../../../../x86_64-w64-mingw32/lib] ==> dir [C:/msys64/mingw64/bin/../lib/gcc/x86_64-w64-mingw32/12.2.0/../../../../x86_64-w64-mingw32/lib]
    arg [-LC:/msys64/mingw64/bin/../lib/gcc/x86_64-w64-mingw32/12.2.0/../../..] ==> dir [C:/msys64/mingw64/bin/../lib/gcc/x86_64-w64-mingw32/12.2.0/../../..]
    arg [--whole-archive] ==> ignore
    arg [CMakeFiles\cmTC_517bf.dir/objects.a] ==> ignore
    arg [--no-whole-archive] ==> ignore
    arg [--out-implib] ==> ignore
    arg [libcmTC_517bf.dll.a] ==> ignore
    arg [--major-image-version] ==> ignore
    arg [0] ==> ignore
    arg [--minor-image-version] ==> ignore
    arg [0] ==> ignore
    arg [-lmingw32] ==> lib [mingw32]
    arg [-lgcc] ==> lib [gcc]
    arg [-lgcc_eh] ==> lib [gcc_eh]
    arg [-lmoldname] ==> lib [moldname]
    arg [-lmingwex] ==> lib [mingwex]
    arg [-lmsvcrt] ==> lib [msvcrt]
    arg [-lkernel32] ==> lib [kernel32]
    arg [-lpthread] ==> lib [pthread]
    arg [-ladvapi32] ==> lib [advapi32]
    arg [-lshell32] ==> lib [shell32]
    arg [-luser32] ==> lib [user32]
    arg [-lkernel32] ==> lib [kernel32]
    arg [-lmingw32] ==> lib [mingw32]
    arg [-lgcc] ==> lib [gcc]
    arg [-lgcc_eh] ==> lib [gcc_eh]
    arg [-lmoldname] ==> lib [moldname]
    arg [-lmingwex] ==> lib [mingwex]
    arg [-lmsvcrt] ==> lib [msvcrt]
    arg [-lkernel32] ==> lib [kernel32]
    arg [C:/msys64/mingw64/bin/../lib/gcc/x86_64-w64-mingw32/12.2.0/../../../../lib/default-manifest.o] ==> ignore
    arg [C:/msys64/mingw64/bin/../lib/gcc/x86_64-w64-mingw32/12.2.0/crtend.o] ==> ignore
  remove lib [gcc]
  remove lib [gcc_eh]
  remove lib [gcc]
  remove lib [gcc_eh]
  collapse library dir [C:/msys64/mingw64/bin/../lib/gcc/x86_64-w64-mingw32/12.2.0] ==> [C:/msys64/mingw64/lib/gcc/x86_64-w64-mingw32/12.2.0]
  collapse library dir [C:/msys64/mingw64/bin/../lib/gcc] ==> [C:/msys64/mingw64/lib/gcc]
  collapse library dir [C:/msys64/mingw64/bin/../lib/gcc/x86_64-w64-mingw32/12.2.0/../../../../x86_64-w64-mingw32/lib/../lib] ==> [C:/msys64/mingw64/x86_64-w64-mingw32/lib]
  collapse library dir [C:/msys64/mingw64/bin/../lib/gcc/x86_64-w64-mingw32/12.2.0/../../../../lib] ==> [C:/msys64/mingw64/lib]
  collapse library dir [C:/msys64/mingw64/bin/../lib/gcc/x86_64-w64-mingw32/12.2.0/../../../../x86_64-w64-mingw32/lib] ==> [C:/msys64/mingw64/x86_64-w64-mingw32/lib]
  collapse library dir [C:/msys64/mingw64/bin/../lib/gcc/x86_64-w64-mingw32/12.2.0/../../..] ==> [C:/msys64/mingw64/lib]
  implicit libs: [mingw32;moldname;mingwex;msvcrt;kernel32;pthread;advapi32;shell32;user32;kernel32;mingw32;moldname;mingwex;msvcrt;kernel32]
  implicit dirs: [C:/msys64/mingw64/lib/gcc/x86_64-w64-mingw32/12.2.0;C:/msys64/mingw64/lib/gcc;C:/msys64/mingw64/x86_64-w64-mingw32/lib;C:/msys64/mingw64/lib]
  implicit fwks: []




Detecting C [-std=c11] compiler features compiled with the following output:
Change Dir: c:/Users/nanwe/Desktop/nan_baidu_maincontrol+_240604_zhaijiao_camera_ipm/build/CMakeFiles/CMakeTmp

Run Build Command:"C:/msys64/mingw64/bin/mingw32-make.exe" "cmTC_942b8/fast"
C:/msys64/mingw64/bin/mingw32-make.exe -f CMakeFiles\cmTC_942b8.dir\build.make CMakeFiles/cmTC_942b8.dir/build
mingw32-make[1]: Entering directory 'c:/Users/nanwe/Desktop/nan_baidu_maincontrol+_240604_zhaijiao_camera_ipm/build/CMakeFiles/CMakeTmp'
Building C object CMakeFiles/cmTC_942b8.dir/feature_tests.c.obj
cd /d C:\Users\nanwe\Desktop\nan_baidu_maincontrol+_240604_zhaijiao_camera_ipm\build\CMakeFiles\CMakeTmp && C:\msys64\mingw64\bin\gcc.exe   -std=c11 -o CMakeFiles\cmTC_942b8.dir\feature_tests.c.obj   -c C:\Users\nanwe\Desktop\nan_baidu_maincontrol+_240604_zhaijiao_camera_ipm\build\CMakeFiles\feature_tests.c
Linking C executable cmTC_942b8.exe
cd /d C:\Users\nanwe\Desktop\nan_baidu_maincontrol+_240604_zhaijiao_camera_ipm\build\CMakeFiles\CMakeTmp && D:\cmake\bin\cmake.exe -E cmake_link_script CMakeFiles\cmTC_942b8.dir\link.txt --verbose=1
D:\cmake\bin\cmake.exe -E remove -f CMakeFiles\cmTC_942b8.dir/objects.a
C:\msys64\mingw64\bin\ar.exe cr CMakeFiles\cmTC_942b8.dir/objects.a @CMakeFiles\cmTC_942b8.dir\objects1.rsp
C:\msys64\mingw64\bin\gcc.exe      -Wl,--whole-archive CMakeFiles\cmTC_942b8.dir/objects.a -Wl,--no-whole-archive  -o cmTC_942b8.exe -Wl,--out-implib,libcmTC_942b8.dll.a -Wl,--major-image-version,0,--minor-image-version,0 @CMakeFiles\cmTC_942b8.dir\linklibs.rsp
mingw32-make[1]: Leaving directory 'c:/Users/nanwe/Desktop/nan_baidu_maincontrol+_240604_zhaijiao_camera_ipm/build/CMakeFiles/CMakeTmp'


    Feature record: C_FEATURE:1c_function_prototypes
    Feature record: C_FEATURE:1c_restrict
    Feature record: C_FEATURE:1c_static_assert
    Feature record: C_FEATURE:1c_variadic_macros


Detecting C [-std=c99] compiler features compiled with the following output:
Change Dir: c:/Users/nanwe/Desktop/nan_baidu_maincontrol+_240604_zhaijiao_camera_ipm/build/CMakeFiles/CMakeTmp

Run Build Command:"C:/msys64/mingw64/bin/mingw32-make.exe" "cmTC_03bee/fast"
C:/msys64/mingw64/bin/mingw32-make.exe -f CMakeFiles\cmTC_03bee.dir\build.make CMakeFiles/cmTC_03bee.dir/build
mingw32-make[1]: Entering directory 'c:/Users/nanwe/Desktop/nan_baidu_maincontrol+_240604_zhaijiao_camera_ipm/build/CMakeFiles/CMakeTmp'
Building C object CMakeFiles/cmTC_03bee.dir/feature_tests.c.obj
cd /d C:\Users\nanwe\Desktop\nan_baidu_maincontrol+_240604_zhaijiao_camera_ipm\build\CMakeFiles\CMakeTmp && C:\msys64\mingw64\bin\gcc.exe   -std=c99 -o CMakeFiles\cmTC_03bee.dir\feature_tests.c.obj   -c C:\Users\nanwe\Desktop\nan_baidu_maincontrol+_240604_zhaijiao_camera_ipm\build\CMakeFiles\feature_tests.c
Linking C executable cmTC_03bee.exe
cd /d C:\Users\nanwe\Desktop\nan_baidu_maincontrol+_240604_zhaijiao_camera_ipm\build\CMakeFiles\CMakeTmp && D:\cmake\bin\cmake.exe -E cmake_link_script CMakeFiles\cmTC_03bee.dir\link.txt --verbose=1
D:\cmake\bin\cmake.exe -E remove -f CMakeFiles\cmTC_03bee.dir/objects.a
C:\msys64\mingw64\bin\ar.exe cr CMakeFiles\cmTC_03bee.dir/objects.a @CMakeFiles\cmTC_03bee.dir\objects1.rsp
C:\msys64\mingw64\bin\gcc.exe      -Wl,--whole-archive CMakeFiles\cmTC_03bee.dir/objects.a -Wl,--no-whole-archive  -o cmTC_03bee.exe -Wl,--out-implib,libcmTC_03bee.dll.a -Wl,--major-image-version,0,--minor-image-version,0 @CMakeFiles\cmTC_03bee.dir\linklibs.rsp
mingw32-make[1]: Leaving directory 'c:/Users/nanwe/Desktop/nan_baidu_maincontrol+_240604_zhaijiao_camera_ipm/build/CMakeFiles/CMakeTmp'


    Feature record: C_FEATURE:1c_function_prototypes
    Feature record: C_FEATURE:1c_restrict
    Feature record: C_FEATURE:0c_static_assert
    Feature record: C_FEATURE:1c_variadic_macros


Detecting C [-std=c90] compiler features compiled with the following output:
Change Dir: c:/Users/nanwe/Desktop/nan_baidu_maincontrol+_240604_zhaijiao_camera_ipm/build/CMakeFiles/CMakeTmp

Run Build Command:"C:/msys64/mingw64/bin/mingw32-make.exe" "cmTC_e16b2/fast"
C:/msys64/mingw64/bin/mingw32-make.exe -f CMakeFiles\cmTC_e16b2.dir\build.make CMakeFiles/cmTC_e16b2.dir/build
mingw32-make[1]: Entering directory 'c:/Users/nanwe/Desktop/nan_baidu_maincontrol+_240604_zhaijiao_camera_ipm/build/CMakeFiles/CMakeTmp'
Building C object CMakeFiles/cmTC_e16b2.dir/feature_tests.c.obj
cd /d C:\Users\nanwe\Desktop\nan_baidu_maincontrol+_240604_zhaijiao_camera_ipm\build\CMakeFiles\CMakeTmp && C:\msys64\mingw64\bin\gcc.exe   -std=c90 -o CMakeFiles\cmTC_e16b2.dir\feature_tests.c.obj   -c C:\Users\nanwe\Desktop\nan_baidu_maincontrol+_240604_zhaijiao_camera_ipm\build\CMakeFiles\feature_tests.c
Linking C executable cmTC_e16b2.exe
cd /d C:\Users\nanwe\Desktop\nan_baidu_maincontrol+_240604_zhaijiao_camera_ipm\build\CMakeFiles\CMakeTmp && D:\cmake\bin\cmake.exe -E cmake_link_script CMakeFiles\cmTC_e16b2.dir\link.txt --verbose=1
D:\cmake\bin\cmake.exe -E remove -f CMakeFiles\cmTC_e16b2.dir/objects.a
C:\msys64\mingw64\bin\ar.exe cr CMakeFiles\cmTC_e16b2.dir/objects.a @CMakeFiles\cmTC_e16b2.dir\objects1.rsp
C:\msys64\mingw64\bin\gcc.exe      -Wl,--whole-archive CMakeFiles\cmTC_e16b2.dir/objects.a -Wl,--no-whole-archive  -o cmTC_e16b2.exe -Wl,--out-implib,libcmTC_e16b2.dll.a -Wl,--major-image-version,0,--minor-image-version,0 @CMakeFiles\cmTC_e16b2.dir\linklibs.rsp
mingw32-make[1]: Leaving directory 'c:/Users/nanwe/Desktop/nan_baidu_maincontrol+_240604_zhaijiao_camera_ipm/build/CMakeFiles/CMakeTmp'


    Feature record: C_FEATURE:1c_function_prototypes
    Feature record: C_FEATURE:0c_restrict
    Feature record: C_FEATURE:0c_static_assert
    Feature record: C_FEATURE:0c_variadic_macros
Determining if the CXX compiler works passed with the following output:
Change Dir: c:/Users/nanwe/Desktop/nan_baidu_maincontrol+_240604_zhaijiao_camera_ipm/build/CMakeFiles/CMakeTmp

Run Build Command:"C:/msys64/mingw64/bin/mingw32-make.exe" "cmTC_def94/fast"
C:/msys64/mingw64/bin/mingw32-make.exe -f CMakeFiles\cmTC_def94.dir\build.make CMakeFiles/cmTC_def94.dir/build
mingw32-make[1]: Entering directory 'c:/Users/nanwe/Desktop/nan_baidu_maincontrol+_240604_zhaijiao_camera_ipm/build/CMakeFiles/CMakeTmp'
Building CXX object CMakeFiles/cmTC_def94.dir/testCXXCompiler.cxx.obj
cd /d C:\Users\nanwe\Desktop\nan_baidu_maincontrol+_240604_zhaijiao_camera_ipm\build\CMakeFiles\CMakeTmp && C:\msys64\mingw64\bin\g++.exe     -o CMakeFiles\cmTC_def94.dir\testCXXCompiler.cxx.obj -c C:\Users\nanwe\Desktop\nan_baidu_maincontrol+_240604_zhaijiao_camera_ipm\build\CMakeFiles\CMakeTmp\testCXXCompiler.cxx
Linking CXX executable cmTC_def94.exe
cd /d C:\Users\nanwe\Desktop\nan_baidu_maincontrol+_240604_zhaijiao_camera_ipm\build\CMakeFiles\CMakeTmp && D:\cmake\bin\cmake.exe -E cmake_link_script CMakeFiles\cmTC_def94.dir\link.txt --verbose=1
D:\cmake\bin\cmake.exe -E remove -f CMakeFiles\cmTC_def94.dir/objects.a
C:\msys64\mingw64\bin\ar.exe cr CMakeFiles\cmTC_def94.dir/objects.a @CMakeFiles\cmTC_def94.dir\objects1.rsp
C:\msys64\mingw64\bin\g++.exe      -Wl,--whole-archive CMakeFiles\cmTC_def94.dir/objects.a -Wl,--no-whole-archive  -o cmTC_def94.exe -Wl,--out-implib,libcmTC_def94.dll.a -Wl,--major-image-version,0,--minor-image-version,0 @CMakeFiles\cmTC_def94.dir\linklibs.rsp
mingw32-make[1]: Leaving directory 'c:/Users/nanwe/Desktop/nan_baidu_maincontrol+_240604_zhaijiao_camera_ipm/build/CMakeFiles/CMakeTmp'


Detecting CXX compiler ABI info compiled with the following output:
Change Dir: c:/Users/nanwe/Desktop/nan_baidu_maincontrol+_240604_zhaijiao_camera_ipm/build/CMakeFiles/CMakeTmp

Run Build Command:"C:/msys64/mingw64/bin/mingw32-make.exe" "cmTC_55f79/fast"
C:/msys64/mingw64/bin/mingw32-make.exe -f CMakeFiles\cmTC_55f79.dir\build.make CMakeFiles/cmTC_55f79.dir/build
mingw32-make[1]: Entering directory 'c:/Users/nanwe/Desktop/nan_baidu_maincontrol+_240604_zhaijiao_camera_ipm/build/CMakeFiles/CMakeTmp'
Building CXX object CMakeFiles/cmTC_55f79.dir/CMakeCXXCompilerABI.cpp.obj
cd /d C:\Users\nanwe\Desktop\nan_baidu_maincontrol+_240604_zhaijiao_camera_ipm\build\CMakeFiles\CMakeTmp && C:\msys64\mingw64\bin\g++.exe     -o CMakeFiles\cmTC_55f79.dir\CMakeCXXCompilerABI.cpp.obj -c D:\cmake\share\cmake-3.8\Modules\CMakeCXXCompilerABI.cpp
Linking CXX executable cmTC_55f79.exe
cd /d C:\Users\nanwe\Desktop\nan_baidu_maincontrol+_240604_zhaijiao_camera_ipm\build\CMakeFiles\CMakeTmp && D:\cmake\bin\cmake.exe -E cmake_link_script CMakeFiles\cmTC_55f79.dir\link.txt --verbose=1
D:\cmake\bin\cmake.exe -E remove -f CMakeFiles\cmTC_55f79.dir/objects.a
C:\msys64\mingw64\bin\ar.exe cr CMakeFiles\cmTC_55f79.dir/objects.a @CMakeFiles\cmTC_55f79.dir\objects1.rsp
C:\msys64\mingw64\bin\g++.exe     -v -Wl,--whole-archive CMakeFiles\cmTC_55f79.dir/objects.a -Wl,--no-whole-archive  -o cmTC_55f79.exe -Wl,--out-implib,libcmTC_55f79.dll.a -Wl,--major-image-version,0,--minor-image-version,0 
Using built-in specs.
COLLECT_GCC=C:\msys64\mingw64\bin\g++.exe
COLLECT_LTO_WRAPPER=C:/msys64/mingw64/bin/../lib/gcc/x86_64-w64-mingw32/12.2.0/lto-wrapper.exe
Target: x86_64-w64-mingw32
Configured with: ../gcc-12.2.0/configure --prefix=/mingw64 --with-local-prefix=/mingw64/local --build=x86_64-w64-mingw32 --host=x86_64-w64-mingw32 --target=x86_64-w64-mingw32 --with-native-system-header-dir=/mingw64/include --libexecdir=/mingw64/lib --enable-bootstrap --enable-checking=release --with-arch=nocona --with-tune=generic --enable-languages=c,lto,c++,fortran,ada,objc,obj-c++,jit --enable-shared --enable-static --enable-libatomic --enable-threads=posix --enable-graphite --enable-fully-dynamic-string --enable-libstdcxx-filesystem-ts --enable-libstdcxx-time --disable-libstdcxx-pch --enable-lto --enable-libgomp --disable-multilib --disable-rpath --disable-win32-registry --disable-nls --disable-werror --disable-symvers --with-libiconv --with-system-zlib --with-gmp=/mingw64 --with-mpfr=/mingw64 --with-mpc=/mingw64 --with-isl=/mingw64 --with-pkgversion='Rev10, Built by MSYS2 project' --with-bugurl=https://github.com/msys2/MINGW-packages/issues --with-gnu-as --with-gnu-ld --disable-libstdcxx-debug --with-boot-ldflags=-static-libstdc++ --with-stage1-ldflags=-static-libstdc++
Thread model: posix
Supported LTO compression algorithms: zlib zstd
gcc version 12.2.0 (Rev10, Built by MSYS2 project) 
COMPILER_PATH=C:/msys64/mingw64/bin/../lib/gcc/x86_64-w64-mingw32/12.2.0/;C:/msys64/mingw64/bin/../lib/gcc/;C:/msys64/mingw64/bin/../lib/gcc/x86_64-w64-mingw32/12.2.0/../../../../x86_64-w64-mingw32/bin/
LIBRARY_PATH=C:/msys64/mingw64/bin/../lib/gcc/x86_64-w64-mingw32/12.2.0/;C:/msys64/mingw64/bin/../lib/gcc/;C:/msys64/mingw64/bin/../lib/gcc/x86_64-w64-mingw32/12.2.0/../../../../x86_64-w64-mingw32/lib/../lib/;C:/msys64/mingw64/bin/../lib/gcc/x86_64-w64-mingw32/12.2.0/../../../../lib/;C:/msys64/mingw64/bin/../lib/gcc/x86_64-w64-mingw32/12.2.0/../../../../x86_64-w64-mingw32/lib/;C:/msys64/mingw64/bin/../lib/gcc/x86_64-w64-mingw32/12.2.0/../../../
COLLECT_GCC_OPTIONS='-v' '-o' 'cmTC_55f79.exe' '-shared-libgcc' '-mtune=generic' '-march=nocona' '-dumpdir' 'cmTC_55f79.'
 C:/msys64/mingw64/bin/../lib/gcc/x86_64-w64-mingw32/12.2.0/collect2.exe -plugin C:/msys64/mingw64/bin/../lib/gcc/x86_64-w64-mingw32/12.2.0/liblto_plugin.dll -plugin-opt=C:/msys64/mingw64/bin/../lib/gcc/x86_64-w64-mingw32/12.2.0/lto-wrapper.exe -plugin-opt=-fresolution=C:\Users\nanwe\AppData\Local\Temp\cccHjQv3.res -plugin-opt=-pass-through=-lmingw32 -plugin-opt=-pass-through=-lgcc_s -plugin-opt=-pass-through=-lgcc -plugin-opt=-pass-through=-lmoldname -plugin-opt=-pass-through=-lmingwex -plugin-opt=-pass-through=-lmsvcrt -plugin-opt=-pass-through=-lkernel32 -plugin-opt=-pass-through=-lpthread -plugin-opt=-pass-through=-ladvapi32 -plugin-opt=-pass-through=-lshell32 -plugin-opt=-pass-through=-luser32 -plugin-opt=-pass-through=-lkernel32 -plugin-opt=-pass-through=-lmingw32 -plugin-opt=-pass-through=-lgcc_s -plugin-opt=-pass-through=-lgcc -plugin-opt=-pass-through=-lmoldname -plugin-opt=-pass-through=-lmingwex -plugin-opt=-pass-through=-lmsvcrt -plugin-opt=-pass-through=-lkernel32 -m i386pep -Bdynamic -o cmTC_55f79.exe C:/msys64/mingw64/bin/../lib/gcc/x86_64-w64-mingw32/12.2.0/../../../../lib/crt2.o C:/msys64/mingw64/bin/../lib/gcc/x86_64-w64-mingw32/12.2.0/crtbegin.o -LC:/msys64/mingw64/bin/../lib/gcc/x86_64-w64-mingw32/12.2.0 -LC:/msys64/mingw64/bin/../lib/gcc -LC:/msys64/mingw64/bin/../lib/gcc/x86_64-w64-mingw32/12.2.0/../../../../x86_64-w64-mingw32/lib/../lib -LC:/msys64/mingw64/bin/../lib/gcc/x86_64-w64-mingw32/12.2.0/../../../../lib -LC:/msys64/mingw64/bin/../lib/gcc/x86_64-w64-mingw32/12.2.0/../../../../x86_64-w64-mingw32/lib -LC:/msys64/mingw64/bin/../lib/gcc/x86_64-w64-mingw32/12.2.0/../../.. --whole-archive CMakeFiles\cmTC_55f79.dir/objects.a --no-whole-archive --out-implib libcmTC_55f79.dll.a --major-image-version 0 --minor-image-version 0 -lstdc++ -lmingw32 -lgcc_s -lgcc -lmoldname -lmingwex -lmsvcrt -lkernel32 -lpthread -ladvapi32 -lshell32 -luser32 -lkernel32 -lmingw32 -lgcc_s -lgcc -lmoldname -lmingwex -lmsvcrt -lkernel32 C:/msys64/mingw64/bin/../lib/gcc/x86_64-w64-mingw32/12.2.0/../../../../lib/default-manifest.o C:/msys64/mingw64/bin/../lib/gcc/x86_64-w64-mingw32/12.2.0/crtend.o
COLLECT_GCC_OPTIONS='-v' '-o' 'cmTC_55f79.exe' '-shared-libgcc' '-mtune=generic' '-march=nocona' '-dumpdir' 'cmTC_55f79.'
mingw32-make[1]: Leaving directory 'c:/Users/nanwe/Desktop/nan_baidu_maincontrol+_240604_zhaijiao_camera_ipm/build/CMakeFiles/CMakeTmp'


Parsed CXX implicit link information from above output:
  link line regex: [^( *|.*[/\])(ld\.exe|([^/\]+-)?ld|collect2)[^/\]*( |$)]
  ignore line: [Change Dir: c:/Users/nanwe/Desktop/nan_baidu_maincontrol+_240604_zhaijiao_camera_ipm/build/CMakeFiles/CMakeTmp]
  ignore line: []
  ignore line: [Run Build Command:"C:/msys64/mingw64/bin/mingw32-make.exe" "cmTC_55f79/fast"]
  ignore line: [C:/msys64/mingw64/bin/mingw32-make.exe -f CMakeFiles\cmTC_55f79.dir\build.make CMakeFiles/cmTC_55f79.dir/build]
  ignore line: [mingw32-make[1]: Entering directory 'c:/Users/nanwe/Desktop/nan_baidu_maincontrol+_240604_zhaijiao_camera_ipm/build/CMakeFiles/CMakeTmp']
  ignore line: [Building CXX object CMakeFiles/cmTC_55f79.dir/CMakeCXXCompilerABI.cpp.obj]
  ignore line: [cd /d C:\Users\nanwe\Desktop\nan_baidu_maincontrol+_240604_zhaijiao_camera_ipm\build\CMakeFiles\CMakeTmp && C:\msys64\mingw64\bin\g++.exe     -o CMakeFiles\cmTC_55f79.dir\CMakeCXXCompilerABI.cpp.obj -c D:\cmake\share\cmake-3.8\Modules\CMakeCXXCompilerABI.cpp]
  ignore line: [Linking CXX executable cmTC_55f79.exe]
  ignore line: [cd /d C:\Users\nanwe\Desktop\nan_baidu_maincontrol+_240604_zhaijiao_camera_ipm\build\CMakeFiles\CMakeTmp && D:\cmake\bin\cmake.exe -E cmake_link_script CMakeFiles\cmTC_55f79.dir\link.txt --verbose=1]
  ignore line: [D:\cmake\bin\cmake.exe -E remove -f CMakeFiles\cmTC_55f79.dir/objects.a]
  ignore line: [C:\msys64\mingw64\bin\ar.exe cr CMakeFiles\cmTC_55f79.dir/objects.a @CMakeFiles\cmTC_55f79.dir\objects1.rsp]
  ignore line: [C:\msys64\mingw64\bin\g++.exe     -v -Wl,--whole-archive CMakeFiles\cmTC_55f79.dir/objects.a -Wl,--no-whole-archive  -o cmTC_55f79.exe -Wl,--out-implib,libcmTC_55f79.dll.a -Wl,--major-image-version,0,--minor-image-version,0 ]
  ignore line: [Using built-in specs.]
  ignore line: [COLLECT_GCC=C:\msys64\mingw64\bin\g++.exe]
  ignore line: [COLLECT_LTO_WRAPPER=C:/msys64/mingw64/bin/../lib/gcc/x86_64-w64-mingw32/12.2.0/lto-wrapper.exe]
  ignore line: [Target: x86_64-w64-mingw32]
  ignore line: [Configured with: ../gcc-12.2.0/configure --prefix=/mingw64 --with-local-prefix=/mingw64/local --build=x86_64-w64-mingw32 --host=x86_64-w64-mingw32 --target=x86_64-w64-mingw32 --with-native-system-header-dir=/mingw64/include --libexecdir=/mingw64/lib --enable-bootstrap --enable-checking=release --with-arch=nocona --with-tune=generic --enable-languages=c,lto,c++,fortran,ada,objc,obj-c++,jit --enable-shared --enable-static --enable-libatomic --enable-threads=posix --enable-graphite --enable-fully-dynamic-string --enable-libstdcxx-filesystem-ts --enable-libstdcxx-time --disable-libstdcxx-pch --enable-lto --enable-libgomp --disable-multilib --disable-rpath --disable-win32-registry --disable-nls --disable-werror --disable-symvers --with-libiconv --with-system-zlib --with-gmp=/mingw64 --with-mpfr=/mingw64 --with-mpc=/mingw64 --with-isl=/mingw64 --with-pkgversion='Rev10, Built by MSYS2 project' --with-bugurl=https://github.com/msys2/MINGW-packages/issues --with-gnu-as --with-gnu-ld --disable-libstdcxx-debug --with-boot-ldflags=-static-libstdc++ --with-stage1-ldflags=-static-libstdc++]
  ignore line: [Thread model: posix]
  ignore line: [Supported LTO compression algorithms: zlib zstd]
  ignore line: [gcc version 12.2.0 (Rev10, Built by MSYS2 project) ]
  ignore line: [COMPILER_PATH=C:/msys64/mingw64/bin/../lib/gcc/x86_64-w64-mingw32/12.2.0/]
  ignore line: [C:/msys64/mingw64/bin/../lib/gcc/]
  ignore line: [C:/msys64/mingw64/bin/../lib/gcc/x86_64-w64-mingw32/12.2.0/../../../../x86_64-w64-mingw32/bin/]
  ignore line: [LIBRARY_PATH=C:/msys64/mingw64/bin/../lib/gcc/x86_64-w64-mingw32/12.2.0/]
  ignore line: [C:/msys64/mingw64/bin/../lib/gcc/]
  ignore line: [C:/msys64/mingw64/bin/../lib/gcc/x86_64-w64-mingw32/12.2.0/../../../../x86_64-w64-mingw32/lib/../lib/]
  ignore line: [C:/msys64/mingw64/bin/../lib/gcc/x86_64-w64-mingw32/12.2.0/../../../../lib/]
  ignore line: [C:/msys64/mingw64/bin/../lib/gcc/x86_64-w64-mingw32/12.2.0/../../../../x86_64-w64-mingw32/lib/]
  ignore line: [C:/msys64/mingw64/bin/../lib/gcc/x86_64-w64-mingw32/12.2.0/../../../]
  ignore line: [COLLECT_GCC_OPTIONS='-v' '-o' 'cmTC_55f79.exe' '-shared-libgcc' '-mtune=generic' '-march=nocona' '-dumpdir' 'cmTC_55f79.']
  link line: [ C:/msys64/mingw64/bin/../lib/gcc/x86_64-w64-mingw32/12.2.0/collect2.exe -plugin C:/msys64/mingw64/bin/../lib/gcc/x86_64-w64-mingw32/12.2.0/liblto_plugin.dll -plugin-opt=C:/msys64/mingw64/bin/../lib/gcc/x86_64-w64-mingw32/12.2.0/lto-wrapper.exe -plugin-opt=-fresolution=C:\Users\nanwe\AppData\Local\Temp\cccHjQv3.res -plugin-opt=-pass-through=-lmingw32 -plugin-opt=-pass-through=-lgcc_s -plugin-opt=-pass-through=-lgcc -plugin-opt=-pass-through=-lmoldname -plugin-opt=-pass-through=-lmingwex -plugin-opt=-pass-through=-lmsvcrt -plugin-opt=-pass-through=-lkernel32 -plugin-opt=-pass-through=-lpthread -plugin-opt=-pass-through=-ladvapi32 -plugin-opt=-pass-through=-lshell32 -plugin-opt=-pass-through=-luser32 -plugin-opt=-pass-through=-lkernel32 -plugin-opt=-pass-through=-lmingw32 -plugin-opt=-pass-through=-lgcc_s -plugin-opt=-pass-through=-lgcc -plugin-opt=-pass-through=-lmoldname -plugin-opt=-pass-through=-lmingwex -plugin-opt=-pass-through=-lmsvcrt -plugin-opt=-pass-through=-lkernel32 -m i386pep -Bdynamic -o cmTC_55f79.exe C:/msys64/mingw64/bin/../lib/gcc/x86_64-w64-mingw32/12.2.0/../../../../lib/crt2.o C:/msys64/mingw64/bin/../lib/gcc/x86_64-w64-mingw32/12.2.0/crtbegin.o -LC:/msys64/mingw64/bin/../lib/gcc/x86_64-w64-mingw32/12.2.0 -LC:/msys64/mingw64/bin/../lib/gcc -LC:/msys64/mingw64/bin/../lib/gcc/x86_64-w64-mingw32/12.2.0/../../../../x86_64-w64-mingw32/lib/../lib -LC:/msys64/mingw64/bin/../lib/gcc/x86_64-w64-mingw32/12.2.0/../../../../lib -LC:/msys64/mingw64/bin/../lib/gcc/x86_64-w64-mingw32/12.2.0/../../../../x86_64-w64-mingw32/lib -LC:/msys64/mingw64/bin/../lib/gcc/x86_64-w64-mingw32/12.2.0/../../.. --whole-archive CMakeFiles\cmTC_55f79.dir/objects.a --no-whole-archive --out-implib libcmTC_55f79.dll.a --major-image-version 0 --minor-image-version 0 -lstdc++ -lmingw32 -lgcc_s -lgcc -lmoldname -lmingwex -lmsvcrt -lkernel32 -lpthread -ladvapi32 -lshell32 -luser32 -lkernel32 -lmingw32 -lgcc_s -lgcc -lmoldname -lmingwex -lmsvcrt -lkernel32 C:/msys64/mingw64/bin/../lib/gcc/x86_64-w64-mingw32/12.2.0/../../../../lib/default-manifest.o C:/msys64/mingw64/bin/../lib/gcc/x86_64-w64-mingw32/12.2.0/crtend.o]
    arg [C:/msys64/mingw64/bin/../lib/gcc/x86_64-w64-mingw32/12.2.0/collect2.exe] ==> ignore
    arg [-plugin] ==> ignore
    arg [C:/msys64/mingw64/bin/../lib/gcc/x86_64-w64-mingw32/12.2.0/liblto_plugin.dll] ==> ignore
    arg [-plugin-opt=C:/msys64/mingw64/bin/../lib/gcc/x86_64-w64-mingw32/12.2.0/lto-wrapper.exe] ==> ignore
    arg [-plugin-opt=-fresolution=C:\Users\nanwe\AppData\Local\Temp\cccHjQv3.res] ==> ignore
    arg [-plugin-opt=-pass-through=-lmingw32] ==> ignore
    arg [-plugin-opt=-pass-through=-lgcc_s] ==> ignore
    arg [-plugin-opt=-pass-through=-lgcc] ==> ignore
    arg [-plugin-opt=-pass-through=-lmoldname] ==> ignore
    arg [-plugin-opt=-pass-through=-lmingwex] ==> ignore
    arg [-plugin-opt=-pass-through=-lmsvcrt] ==> ignore
    arg [-plugin-opt=-pass-through=-lkernel32] ==> ignore
    arg [-plugin-opt=-pass-through=-lpthread] ==> ignore
    arg [-plugin-opt=-pass-through=-ladvapi32] ==> ignore
    arg [-plugin-opt=-pass-through=-lshell32] ==> ignore
    arg [-plugin-opt=-pass-through=-luser32] ==> ignore
    arg [-plugin-opt=-pass-through=-lkernel32] ==> ignore
    arg [-plugin-opt=-pass-through=-lmingw32] ==> ignore
    arg [-plugin-opt=-pass-through=-lgcc_s] ==> ignore
    arg [-plugin-opt=-pass-through=-lgcc] ==> ignore
    arg [-plugin-opt=-pass-through=-lmoldname] ==> ignore
    arg [-plugin-opt=-pass-through=-lmingwex] ==> ignore
    arg [-plugin-opt=-pass-through=-lmsvcrt] ==> ignore
    arg [-plugin-opt=-pass-through=-lkernel32] ==> ignore
    arg [-m] ==> ignore
    arg [i386pep] ==> ignore
    arg [-Bdynamic] ==> ignore
    arg [-o] ==> ignore
    arg [cmTC_55f79.exe] ==> ignore
    arg [C:/msys64/mingw64/bin/../lib/gcc/x86_64-w64-mingw32/12.2.0/../../../../lib/crt2.o] ==> ignore
    arg [C:/msys64/mingw64/bin/../lib/gcc/x86_64-w64-mingw32/12.2.0/crtbegin.o] ==> ignore
    arg [-LC:/msys64/mingw64/bin/../lib/gcc/x86_64-w64-mingw32/12.2.0] ==> dir [C:/msys64/mingw64/bin/../lib/gcc/x86_64-w64-mingw32/12.2.0]
    arg [-LC:/msys64/mingw64/bin/../lib/gcc] ==> dir [C:/msys64/mingw64/bin/../lib/gcc]
    arg [-LC:/msys64/mingw64/bin/../lib/gcc/x86_64-w64-mingw32/12.2.0/../../../../x86_64-w64-mingw32/lib/../lib] ==> dir [C:/msys64/mingw64/bin/../lib/gcc/x86_64-w64-mingw32/12.2.0/../../../../x86_64-w64-mingw32/lib/../lib]
    arg [-LC:/msys64/mingw64/bin/../lib/gcc/x86_64-w64-mingw32/12.2.0/../../../../lib] ==> dir [C:/msys64/mingw64/bin/../lib/gcc/x86_64-w64-mingw32/12.2.0/../../../../lib]
    arg [-LC:/msys64/mingw64/bin/../lib/gcc/x86_64-w64-mingw32/12.2.0/../../../../x86_64-w64-mingw32/lib] ==> dir [C:/msys64/mingw64/bin/../lib/gcc/x86_64-w64-mingw32/12.2.0/../../../../x86_64-w64-mingw32/lib]
    arg [-LC:/msys64/mingw64/bin/../lib/gcc/x86_64-w64-mingw32/12.2.0/../../..] ==> dir [C:/msys64/mingw64/bin/../lib/gcc/x86_64-w64-mingw32/12.2.0/../../..]
    arg [--whole-archive] ==> ignore
    arg [CMakeFiles\cmTC_55f79.dir/objects.a] ==> ignore
    arg [--no-whole-archive] ==> ignore
    arg [--out-implib] ==> ignore
    arg [libcmTC_55f79.dll.a] ==> ignore
    arg [--major-image-version] ==> ignore
    arg [0] ==> ignore
    arg [--minor-image-version] ==> ignore
    arg [0] ==> ignore
    arg [-lstdc++] ==> lib [stdc++]
    arg [-lmingw32] ==> lib [mingw32]
    arg [-lgcc_s] ==> lib [gcc_s]
    arg [-lgcc] ==> lib [gcc]
    arg [-lmoldname] ==> lib [moldname]
    arg [-lmingwex] ==> lib [mingwex]
    arg [-lmsvcrt] ==> lib [msvcrt]
    arg [-lkernel32] ==> lib [kernel32]
    arg [-lpthread] ==> lib [pthread]
    arg [-ladvapi32] ==> lib [advapi32]
    arg [-lshell32] ==> lib [shell32]
    arg [-luser32] ==> lib [user32]
    arg [-lkernel32] ==> lib [kernel32]
    arg [-lmingw32] ==> lib [mingw32]
    arg [-lgcc_s] ==> lib [gcc_s]
    arg [-lgcc] ==> lib [gcc]
    arg [-lmoldname] ==> lib [moldname]
    arg [-lmingwex] ==> lib [mingwex]
    arg [-lmsvcrt] ==> lib [msvcrt]
    arg [-lkernel32] ==> lib [kernel32]
    arg [C:/msys64/mingw64/bin/../lib/gcc/x86_64-w64-mingw32/12.2.0/../../../../lib/default-manifest.o] ==> ignore
    arg [C:/msys64/mingw64/bin/../lib/gcc/x86_64-w64-mingw32/12.2.0/crtend.o] ==> ignore
  remove lib [gcc_s]
  remove lib [gcc]
  remove lib [gcc_s]
  remove lib [gcc]
  collapse library dir [C:/msys64/mingw64/bin/../lib/gcc/x86_64-w64-mingw32/12.2.0] ==> [C:/msys64/mingw64/lib/gcc/x86_64-w64-mingw32/12.2.0]
  collapse library dir [C:/msys64/mingw64/bin/../lib/gcc] ==> [C:/msys64/mingw64/lib/gcc]
  collapse library dir [C:/msys64/mingw64/bin/../lib/gcc/x86_64-w64-mingw32/12.2.0/../../../../x86_64-w64-mingw32/lib/../lib] ==> [C:/msys64/mingw64/x86_64-w64-mingw32/lib]
  collapse library dir [C:/msys64/mingw64/bin/../lib/gcc/x86_64-w64-mingw32/12.2.0/../../../../lib] ==> [C:/msys64/mingw64/lib]
  collapse library dir [C:/msys64/mingw64/bin/../lib/gcc/x86_64-w64-mingw32/12.2.0/../../../../x86_64-w64-mingw32/lib] ==> [C:/msys64/mingw64/x86_64-w64-mingw32/lib]
  collapse library dir [C:/msys64/mingw64/bin/../lib/gcc/x86_64-w64-mingw32/12.2.0/../../..] ==> [C:/msys64/mingw64/lib]
  implicit libs: [stdc++;mingw32;moldname;mingwex;msvcrt;kernel32;pthread;advapi32;shell32;user32;kernel32;mingw32;moldname;mingwex;msvcrt;kernel32]
  implicit dirs: [C:/msys64/mingw64/lib/gcc/x86_64-w64-mingw32/12.2.0;C:/msys64/mingw64/lib/gcc;C:/msys64/mingw64/x86_64-w64-mingw32/lib;C:/msys64/mingw64/lib]
  implicit fwks: []




Detecting CXX [-std=c++1z] compiler features compiled with the following output:
Change Dir: c:/Users/nanwe/Desktop/nan_baidu_maincontrol+_240604_zhaijiao_camera_ipm/build/CMakeFiles/CMakeTmp

Run Build Command:"C:/msys64/mingw64/bin/mingw32-make.exe" "cmTC_a77e1/fast"
C:/msys64/mingw64/bin/mingw32-make.exe -f CMakeFiles\cmTC_a77e1.dir\build.make CMakeFiles/cmTC_a77e1.dir/build
mingw32-make[1]: Entering directory 'c:/Users/nanwe/Desktop/nan_baidu_maincontrol+_240604_zhaijiao_camera_ipm/build/CMakeFiles/CMakeTmp'
Building CXX object CMakeFiles/cmTC_a77e1.dir/feature_tests.cxx.obj
cd /d C:\Users\nanwe\Desktop\nan_baidu_maincontrol+_240604_zhaijiao_camera_ipm\build\CMakeFiles\CMakeTmp && C:\msys64\mingw64\bin\g++.exe    -std=c++1z -o CMakeFiles\cmTC_a77e1.dir\feature_tests.cxx.obj -c C:\Users\nanwe\Desktop\nan_baidu_maincontrol+_240604_zhaijiao_camera_ipm\build\CMakeFiles\feature_tests.cxx
Linking CXX executable cmTC_a77e1.exe
cd /d C:\Users\nanwe\Desktop\nan_baidu_maincontrol+_240604_zhaijiao_camera_ipm\build\CMakeFiles\CMakeTmp && D:\cmake\bin\cmake.exe -E cmake_link_script CMakeFiles\cmTC_a77e1.dir\link.txt --verbose=1
D:\cmake\bin\cmake.exe -E remove -f CMakeFiles\cmTC_a77e1.dir/objects.a
C:\msys64\mingw64\bin\ar.exe cr CMakeFiles\cmTC_a77e1.dir/objects.a @CMakeFiles\cmTC_a77e1.dir\objects1.rsp
C:\msys64\mingw64\bin\g++.exe      -Wl,--whole-archive CMakeFiles\cmTC_a77e1.dir/objects.a -Wl,--no-whole-archive  -o cmTC_a77e1.exe -Wl,--out-implib,libcmTC_a77e1.dll.a -Wl,--major-image-version,0,--minor-image-version,0 @CMakeFiles\cmTC_a77e1.dir\linklibs.rsp
mingw32-make[1]: Leaving directory 'c:/Users/nanwe/Desktop/nan_baidu_maincontrol+_240604_zhaijiao_camera_ipm/build/CMakeFiles/CMakeTmp'


    Feature record: CXX_FEATURE:1cxx_aggregate_default_initializers
    Feature record: CXX_FEATURE:1cxx_alias_templates
    Feature record: CXX_FEATURE:1cxx_alignas
    Feature record: CXX_FEATURE:1cxx_alignof
    Feature record: CXX_FEATURE:1cxx_attributes
    Feature record: CXX_FEATURE:1cxx_attribute_deprecated
    Feature record: CXX_FEATURE:1cxx_auto_type
    Feature record: CXX_FEATURE:1cxx_binary_literals
    Feature record: CXX_FEATURE:1cxx_constexpr
    Feature record: CXX_FEATURE:1cxx_contextual_conversions
    Feature record: CXX_FEATURE:1cxx_decltype
    Feature record: CXX_FEATURE:1cxx_decltype_auto
    Feature record: CXX_FEATURE:1cxx_decltype_incomplete_return_types
    Feature record: CXX_FEATURE:1cxx_default_function_template_args
    Feature record: CXX_FEATURE:1cxx_defaulted_functions
    Feature record: CXX_FEATURE:1cxx_defaulted_move_initializers
    Feature record: CXX_FEATURE:1cxx_delegating_constructors
    Feature record: CXX_FEATURE:1cxx_deleted_functions
    Feature record: CXX_FEATURE:1cxx_digit_separators
    Feature record: CXX_FEATURE:1cxx_enum_forward_declarations
    Feature record: CXX_FEATURE:1cxx_explicit_conversions
    Feature record: CXX_FEATURE:1cxx_extended_friend_declarations
    Feature record: CXX_FEATURE:1cxx_extern_templates
    Feature record: CXX_FEATURE:1cxx_final
    Feature record: CXX_FEATURE:1cxx_func_identifier
    Feature record: CXX_FEATURE:1cxx_generalized_initializers
    Feature record: CXX_FEATURE:1cxx_generic_lambdas
    Feature record: CXX_FEATURE:1cxx_inheriting_constructors
    Feature record: CXX_FEATURE:1cxx_inline_namespaces
    Feature record: CXX_FEATURE:1cxx_lambdas
    Feature record: CXX_FEATURE:1cxx_lambda_init_captures
    Feature record: CXX_FEATURE:1cxx_local_type_template_args
    Feature record: CXX_FEATURE:1cxx_long_long_type
    Feature record: CXX_FEATURE:1cxx_noexcept
    Feature record: CXX_FEATURE:1cxx_nonstatic_member_init
    Feature record: CXX_FEATURE:1cxx_nullptr
    Feature record: CXX_FEATURE:1cxx_override
    Feature record: CXX_FEATURE:1cxx_range_for
    Feature record: CXX_FEATURE:1cxx_raw_string_literals
    Feature record: CXX_FEATURE:1cxx_reference_qualified_functions
    Feature record: CXX_FEATURE:1cxx_relaxed_constexpr
    Feature record: CXX_FEATURE:1cxx_return_type_deduction
    Feature record: CXX_FEATURE:1cxx_right_angle_brackets
    Feature record: CXX_FEATURE:1cxx_rvalue_references
    Feature record: CXX_FEATURE:1cxx_sizeof_member
    Feature record: CXX_FEATURE:1cxx_static_assert
    Feature record: CXX_FEATURE:1cxx_strong_enums
    Feature record: CXX_FEATURE:1cxx_template_template_parameters
    Feature record: CXX_FEATURE:1cxx_thread_local
    Feature record: CXX_FEATURE:1cxx_trailing_return_types
    Feature record: CXX_FEATURE:1cxx_unicode_literals
    Feature record: CXX_FEATURE:1cxx_uniform_initialization
    Feature record: CXX_FEATURE:1cxx_unrestricted_unions
    Feature record: CXX_FEATURE:1cxx_user_literals
    Feature record: CXX_FEATURE:1cxx_variable_templates
    Feature record: CXX_FEATURE:1cxx_variadic_macros
    Feature record: CXX_FEATURE:1cxx_variadic_templates


Detecting CXX [-std=c++14] compiler features compiled with the following output:
Change Dir: c:/Users/nanwe/Desktop/nan_baidu_maincontrol+_240604_zhaijiao_camera_ipm/build/CMakeFiles/CMakeTmp

Run Build Command:"C:/msys64/mingw64/bin/mingw32-make.exe" "cmTC_e6f50/fast"
C:/msys64/mingw64/bin/mingw32-make.exe -f CMakeFiles\cmTC_e6f50.dir\build.make CMakeFiles/cmTC_e6f50.dir/build
mingw32-make[1]: Entering directory 'c:/Users/nanwe/Desktop/nan_baidu_maincontrol+_240604_zhaijiao_camera_ipm/build/CMakeFiles/CMakeTmp'
Building CXX object CMakeFiles/cmTC_e6f50.dir/feature_tests.cxx.obj
cd /d C:\Users\nanwe\Desktop\nan_baidu_maincontrol+_240604_zhaijiao_camera_ipm\build\CMakeFiles\CMakeTmp && C:\msys64\mingw64\bin\g++.exe    -std=c++14 -o CMakeFiles\cmTC_e6f50.dir\feature_tests.cxx.obj -c C:\Users\nanwe\Desktop\nan_baidu_maincontrol+_240604_zhaijiao_camera_ipm\build\CMakeFiles\feature_tests.cxx
Linking CXX executable cmTC_e6f50.exe
cd /d C:\Users\nanwe\Desktop\nan_baidu_maincontrol+_240604_zhaijiao_camera_ipm\build\CMakeFiles\CMakeTmp && D:\cmake\bin\cmake.exe -E cmake_link_script CMakeFiles\cmTC_e6f50.dir\link.txt --verbose=1
D:\cmake\bin\cmake.exe -E remove -f CMakeFiles\cmTC_e6f50.dir/objects.a
C:\msys64\mingw64\bin\ar.exe cr CMakeFiles\cmTC_e6f50.dir/objects.a @CMakeFiles\cmTC_e6f50.dir\objects1.rsp
C:\msys64\mingw64\bin\g++.exe      -Wl,--whole-archive CMakeFiles\cmTC_e6f50.dir/objects.a -Wl,--no-whole-archive  -o cmTC_e6f50.exe -Wl,--out-implib,libcmTC_e6f50.dll.a -Wl,--major-image-version,0,--minor-image-version,0 @CMakeFiles\cmTC_e6f50.dir\linklibs.rsp
mingw32-make[1]: Leaving directory 'c:/Users/nanwe/Desktop/nan_baidu_maincontrol+_240604_zhaijiao_camera_ipm/build/CMakeFiles/CMakeTmp'


    Feature record: CXX_FEATURE:1cxx_aggregate_default_initializers
    Feature record: CXX_FEATURE:1cxx_alias_templates
    Feature record: CXX_FEATURE:1cxx_alignas
    Feature record: CXX_FEATURE:1cxx_alignof
    Feature record: CXX_FEATURE:1cxx_attributes
    Feature record: CXX_FEATURE:1cxx_attribute_deprecated
    Feature record: CXX_FEATURE:1cxx_auto_type
    Feature record: CXX_FEATURE:1cxx_binary_literals
    Feature record: CXX_FEATURE:1cxx_constexpr
    Feature record: CXX_FEATURE:1cxx_contextual_conversions
    Feature record: CXX_FEATURE:1cxx_decltype
    Feature record: CXX_FEATURE:1cxx_decltype_auto
    Feature record: CXX_FEATURE:1cxx_decltype_incomplete_return_types
    Feature record: CXX_FEATURE:1cxx_default_function_template_args
    Feature record: CXX_FEATURE:1cxx_defaulted_functions
    Feature record: CXX_FEATURE:1cxx_defaulted_move_initializers
    Feature record: CXX_FEATURE:1cxx_delegating_constructors
    Feature record: CXX_FEATURE:1cxx_deleted_functions
    Feature record: CXX_FEATURE:1cxx_digit_separators
    Feature record: CXX_FEATURE:1cxx_enum_forward_declarations
    Feature record: CXX_FEATURE:1cxx_explicit_conversions
    Feature record: CXX_FEATURE:1cxx_extended_friend_declarations
    Feature record: CXX_FEATURE:1cxx_extern_templates
    Feature record: CXX_FEATURE:1cxx_final
    Feature record: CXX_FEATURE:1cxx_func_identifier
    Feature record: CXX_FEATURE:1cxx_generalized_initializers
    Feature record: CXX_FEATURE:1cxx_generic_lambdas
    Feature record: CXX_FEATURE:1cxx_inheriting_constructors
    Feature record: CXX_FEATURE:1cxx_inline_namespaces
    Feature record: CXX_FEATURE:1cxx_lambdas
    Feature record: CXX_FEATURE:1cxx_lambda_init_captures
    Feature record: CXX_FEATURE:1cxx_local_type_template_args
    Feature record: CXX_FEATURE:1cxx_long_long_type
    Feature record: CXX_FEATURE:1cxx_noexcept
    Feature record: CXX_FEATURE:1cxx_nonstatic_member_init
    Feature record: CXX_FEATURE:1cxx_nullptr
    Feature record: CXX_FEATURE:1cxx_override
    Feature record: CXX_FEATURE:1cxx_range_for
    Feature record: CXX_FEATURE:1cxx_raw_string_literals
    Feature record: CXX_FEATURE:1cxx_reference_qualified_functions
    Feature record: CXX_FEATURE:1cxx_relaxed_constexpr
    Feature record: CXX_FEATURE:1cxx_return_type_deduction
    Feature record: CXX_FEATURE:1cxx_right_angle_brackets
    Feature record: CXX_FEATURE:1cxx_rvalue_references
    Feature record: CXX_FEATURE:1cxx_sizeof_member
    Feature record: CXX_FEATURE:1cxx_static_assert
    Feature record: CXX_FEATURE:1cxx_strong_enums
    Feature record: CXX_FEATURE:1cxx_template_template_parameters
    Feature record: CXX_FEATURE:1cxx_thread_local
    Feature record: CXX_FEATURE:1cxx_trailing_return_types
    Feature record: CXX_FEATURE:1cxx_unicode_literals
    Feature record: CXX_FEATURE:1cxx_uniform_initialization
    Feature record: CXX_FEATURE:1cxx_unrestricted_unions
    Feature record: CXX_FEATURE:1cxx_user_literals
    Feature record: CXX_FEATURE:1cxx_variable_templates
    Feature record: CXX_FEATURE:1cxx_variadic_macros
    Feature record: CXX_FEATURE:1cxx_variadic_templates


Detecting CXX [-std=c++11] compiler features compiled with the following output:
Change Dir: c:/Users/nanwe/Desktop/nan_baidu_maincontrol+_240604_zhaijiao_camera_ipm/build/CMakeFiles/CMakeTmp

Run Build Command:"C:/msys64/mingw64/bin/mingw32-make.exe" "cmTC_5cceb/fast"
C:/msys64/mingw64/bin/mingw32-make.exe -f CMakeFiles\cmTC_5cceb.dir\build.make CMakeFiles/cmTC_5cceb.dir/build
mingw32-make[1]: Entering directory 'c:/Users/nanwe/Desktop/nan_baidu_maincontrol+_240604_zhaijiao_camera_ipm/build/CMakeFiles/CMakeTmp'
Building CXX object CMakeFiles/cmTC_5cceb.dir/feature_tests.cxx.obj
cd /d C:\Users\nanwe\Desktop\nan_baidu_maincontrol+_240604_zhaijiao_camera_ipm\build\CMakeFiles\CMakeTmp && C:\msys64\mingw64\bin\g++.exe    -std=c++11 -o CMakeFiles\cmTC_5cceb.dir\feature_tests.cxx.obj -c C:\Users\nanwe\Desktop\nan_baidu_maincontrol+_240604_zhaijiao_camera_ipm\build\CMakeFiles\feature_tests.cxx
Linking CXX executable cmTC_5cceb.exe
cd /d C:\Users\nanwe\Desktop\nan_baidu_maincontrol+_240604_zhaijiao_camera_ipm\build\CMakeFiles\CMakeTmp && D:\cmake\bin\cmake.exe -E cmake_link_script CMakeFiles\cmTC_5cceb.dir\link.txt --verbose=1
D:\cmake\bin\cmake.exe -E remove -f CMakeFiles\cmTC_5cceb.dir/objects.a
C:\msys64\mingw64\bin\ar.exe cr CMakeFiles\cmTC_5cceb.dir/objects.a @CMakeFiles\cmTC_5cceb.dir\objects1.rsp
C:\msys64\mingw64\bin\g++.exe      -Wl,--whole-archive CMakeFiles\cmTC_5cceb.dir/objects.a -Wl,--no-whole-archive  -o cmTC_5cceb.exe -Wl,--out-implib,libcmTC_5cceb.dll.a -Wl,--major-image-version,0,--minor-image-version,0 @CMakeFiles\cmTC_5cceb.dir\linklibs.rsp
mingw32-make[1]: Leaving directory 'c:/Users/nanwe/Desktop/nan_baidu_maincontrol+_240604_zhaijiao_camera_ipm/build/CMakeFiles/CMakeTmp'


    Feature record: CXX_FEATURE:0cxx_aggregate_default_initializers
    Feature record: CXX_FEATURE:1cxx_alias_templates
    Feature record: CXX_FEATURE:1cxx_alignas
    Feature record: CXX_FEATURE:1cxx_alignof
    Feature record: CXX_FEATURE:1cxx_attributes
    Feature record: CXX_FEATURE:0cxx_attribute_deprecated
    Feature record: CXX_FEATURE:1cxx_auto_type
    Feature record: CXX_FEATURE:0cxx_binary_literals
    Feature record: CXX_FEATURE:1cxx_constexpr
    Feature record: CXX_FEATURE:0cxx_contextual_conversions
    Feature record: CXX_FEATURE:1cxx_decltype
    Feature record: CXX_FEATURE:0cxx_decltype_auto
    Feature record: CXX_FEATURE:1cxx_decltype_incomplete_return_types
    Feature record: CXX_FEATURE:1cxx_default_function_template_args
    Feature record: CXX_FEATURE:1cxx_defaulted_functions
    Feature record: CXX_FEATURE:1cxx_defaulted_move_initializers
    Feature record: CXX_FEATURE:1cxx_delegating_constructors
    Feature record: CXX_FEATURE:1cxx_deleted_functions
    Feature record: CXX_FEATURE:0cxx_digit_separators
    Feature record: CXX_FEATURE:1cxx_enum_forward_declarations
    Feature record: CXX_FEATURE:1cxx_explicit_conversions
    Feature record: CXX_FEATURE:1cxx_extended_friend_declarations
    Feature record: CXX_FEATURE:1cxx_extern_templates
    Feature record: CXX_FEATURE:1cxx_final
    Feature record: CXX_FEATURE:1cxx_func_identifier
    Feature record: CXX_FEATURE:1cxx_generalized_initializers
    Feature record: CXX_FEATURE:0cxx_generic_lambdas
    Feature record: CXX_FEATURE:1cxx_inheriting_constructors
    Feature record: CXX_FEATURE:1cxx_inline_namespaces
    Feature record: CXX_FEATURE:1cxx_lambdas
    Feature record: CXX_FEATURE:0cxx_lambda_init_captures
    Feature record: CXX_FEATURE:1cxx_local_type_template_args
    Feature record: CXX_FEATURE:1cxx_long_long_type
    Feature record: CXX_FEATURE:1cxx_noexcept
    Feature record: CXX_FEATURE:1cxx_nonstatic_member_init
    Feature record: CXX_FEATURE:1cxx_nullptr
    Feature record: CXX_FEATURE:1cxx_override
    Feature record: CXX_FEATURE:1cxx_range_for
    Feature record: CXX_FEATURE:1cxx_raw_string_literals
    Feature record: CXX_FEATURE:1cxx_reference_qualified_functions
    Feature record: CXX_FEATURE:0cxx_relaxed_constexpr
    Feature record: CXX_FEATURE:0cxx_return_type_deduction
    Feature record: CXX_FEATURE:1cxx_right_angle_brackets
    Feature record: CXX_FEATURE:1cxx_rvalue_references
    Feature record: CXX_FEATURE:1cxx_sizeof_member
    Feature record: CXX_FEATURE:1cxx_static_assert
    Feature record: CXX_FEATURE:1cxx_strong_enums
    Feature record: CXX_FEATURE:1cxx_template_template_parameters
    Feature record: CXX_FEATURE:1cxx_thread_local
    Feature record: CXX_FEATURE:1cxx_trailing_return_types
    Feature record: CXX_FEATURE:1cxx_unicode_literals
    Feature record: CXX_FEATURE:1cxx_uniform_initialization
    Feature record: CXX_FEATURE:1cxx_unrestricted_unions
    Feature record: CXX_FEATURE:1cxx_user_literals
    Feature record: CXX_FEATURE:0cxx_variable_templates
    Feature record: CXX_FEATURE:1cxx_variadic_macros
    Feature record: CXX_FEATURE:1cxx_variadic_templates


Detecting CXX [-std=c++98] compiler features compiled with the following output:
Change Dir: c:/Users/nanwe/Desktop/nan_baidu_maincontrol+_240604_zhaijiao_camera_ipm/build/CMakeFiles/CMakeTmp

Run Build Command:"C:/msys64/mingw64/bin/mingw32-make.exe" "cmTC_07748/fast"
C:/msys64/mingw64/bin/mingw32-make.exe -f CMakeFiles\cmTC_07748.dir\build.make CMakeFiles/cmTC_07748.dir/build
mingw32-make[1]: Entering directory 'c:/Users/nanwe/Desktop/nan_baidu_maincontrol+_240604_zhaijiao_camera_ipm/build/CMakeFiles/CMakeTmp'
Building CXX object CMakeFiles/cmTC_07748.dir/feature_tests.cxx.obj
cd /d C:\Users\nanwe\Desktop\nan_baidu_maincontrol+_240604_zhaijiao_camera_ipm\build\CMakeFiles\CMakeTmp && C:\msys64\mingw64\bin\g++.exe    -std=c++98 -o CMakeFiles\cmTC_07748.dir\feature_tests.cxx.obj -c C:\Users\nanwe\Desktop\nan_baidu_maincontrol+_240604_zhaijiao_camera_ipm\build\CMakeFiles\feature_tests.cxx
Linking CXX executable cmTC_07748.exe
cd /d C:\Users\nanwe\Desktop\nan_baidu_maincontrol+_240604_zhaijiao_camera_ipm\build\CMakeFiles\CMakeTmp && D:\cmake\bin\cmake.exe -E cmake_link_script CMakeFiles\cmTC_07748.dir\link.txt --verbose=1
D:\cmake\bin\cmake.exe -E remove -f CMakeFiles\cmTC_07748.dir/objects.a
C:\msys64\mingw64\bin\ar.exe cr CMakeFiles\cmTC_07748.dir/objects.a @CMakeFiles\cmTC_07748.dir\objects1.rsp
C:\msys64\mingw64\bin\g++.exe      -Wl,--whole-archive CMakeFiles\cmTC_07748.dir/objects.a -Wl,--no-whole-archive  -o cmTC_07748.exe -Wl,--out-implib,libcmTC_07748.dll.a -Wl,--major-image-version,0,--minor-image-version,0 @CMakeFiles\cmTC_07748.dir\linklibs.rsp
mingw32-make[1]: Leaving directory 'c:/Users/nanwe/Desktop/nan_baidu_maincontrol+_240604_zhaijiao_camera_ipm/build/CMakeFiles/CMakeTmp'


    Feature record: CXX_FEATURE:0cxx_aggregate_default_initializers
    Feature record: CXX_FEATURE:0cxx_alias_templates
    Feature record: CXX_FEATURE:0cxx_alignas
    Feature record: CXX_FEATURE:0cxx_alignof
    Feature record: CXX_FEATURE:0cxx_attributes
    Feature record: CXX_FEATURE:0cxx_attribute_deprecated
    Feature record: CXX_FEATURE:0cxx_auto_type
    Feature record: CXX_FEATURE:0cxx_binary_literals
    Feature record: CXX_FEATURE:0cxx_constexpr
    Feature record: CXX_FEATURE:0cxx_contextual_conversions
    Feature record: CXX_FEATURE:0cxx_decltype
    Feature record: CXX_FEATURE:0cxx_decltype_auto
    Feature record: CXX_FEATURE:0cxx_decltype_incomplete_return_types
    Feature record: CXX_FEATURE:0cxx_default_function_template_args
    Feature record: CXX_FEATURE:0cxx_defaulted_functions
    Feature record: CXX_FEATURE:0cxx_defaulted_move_initializers
    Feature record: CXX_FEATURE:0cxx_delegating_constructors
    Feature record: CXX_FEATURE:0cxx_deleted_functions
    Feature record: CXX_FEATURE:0cxx_digit_separators
    Feature record: CXX_FEATURE:0cxx_enum_forward_declarations
    Feature record: CXX_FEATURE:0cxx_explicit_conversions
    Feature record: CXX_FEATURE:0cxx_extended_friend_declarations
    Feature record: CXX_FEATURE:0cxx_extern_templates
    Feature record: CXX_FEATURE:0cxx_final
    Feature record: CXX_FEATURE:0cxx_func_identifier
    Feature record: CXX_FEATURE:0cxx_generalized_initializers
    Feature record: CXX_FEATURE:0cxx_generic_lambdas
    Feature record: CXX_FEATURE:0cxx_inheriting_constructors
    Feature record: CXX_FEATURE:0cxx_inline_namespaces
    Feature record: CXX_FEATURE:0cxx_lambdas
    Feature record: CXX_FEATURE:0cxx_lambda_init_captures
    Feature record: CXX_FEATURE:0cxx_local_type_template_args
    Feature record: CXX_FEATURE:0cxx_long_long_type
    Feature record: CXX_FEATURE:0cxx_noexcept
    Feature record: CXX_FEATURE:0cxx_nonstatic_member_init
    Feature record: CXX_FEATURE:0cxx_nullptr
    Feature record: CXX_FEATURE:0cxx_override
    Feature record: CXX_FEATURE:0cxx_range_for
    Feature record: CXX_FEATURE:0cxx_raw_string_literals
    Feature record: CXX_FEATURE:0cxx_reference_qualified_functions
    Feature record: CXX_FEATURE:0cxx_relaxed_constexpr
    Feature record: CXX_FEATURE:0cxx_return_type_deduction
    Feature record: CXX_FEATURE:0cxx_right_angle_brackets
    Feature record: CXX_FEATURE:0cxx_rvalue_references
    Feature record: CXX_FEATURE:0cxx_sizeof_member
    Feature record: CXX_FEATURE:0cxx_static_assert
    Feature record: CXX_FEATURE:0cxx_strong_enums
    Feature record: CXX_FEATURE:1cxx_template_template_parameters
    Feature record: CXX_FEATURE:0cxx_thread_local
    Feature record: CXX_FEATURE:0cxx_trailing_return_types
    Feature record: CXX_FEATURE:0cxx_unicode_literals
    Feature record: CXX_FEATURE:0cxx_uniform_initialization
    Feature record: CXX_FEATURE:0cxx_unrestricted_unions
    Feature record: CXX_FEATURE:0cxx_user_literals
    Feature record: CXX_FEATURE:0cxx_variable_templates
    Feature record: CXX_FEATURE:0cxx_variadic_macros
    Feature record: CXX_FEATURE:0cxx_variadic_templates
